Command line:
   Comparador_isim_beh.exe
     -simmode  gui
     -simrunnum  0
     -socket  59830

Thu Nov 08 02:24:42 2018


 Elaboration Time: 0.078125 sec

 Current Memory Usage: 5173.56 Meg

 Total Signals          : 15
 Total Nets             : 18
 Total Signal Drivers   : 5
 Total Blocks           : 2
 Total Primitive Blocks : 2
 Total Processes        : 7
 Total Traceable Variables  : 20
 Total Scalar Nets and Variables : 106
Total Line Count : 25
Total Line Count : 25
Total Line Count : 25

 Total Simulation Time: 0.1875 sec

 Current Memory Usage: 5016.28 Meg

Thu Nov 08 02:26:59 2018

